This is pdfTeX, Version 3.14159265-2.6-1.40.20 (TeX Live 2019/Debian) (preloaded format=pdflatex 2021.6.28)  5 AUG 2021 00:12
entering extended mode
 restricted \write18 enabled.
 %&-line parsing enabled.
**documentazione.tex
(./documentazione.tex
LaTeX2e <2020-02-02> patch level 2
L3 programming layer <2020-02-14>
(/usr/share/texlive/texmf-dist/tex/latex/base/article.cls
Document Class: article 2019/12/20 v1.4l Standard LaTeX document class
(/usr/share/texlive/texmf-dist/tex/latex/base/size12.clo
File: size12.clo 2019/12/20 v1.4l Standard LaTeX file (size option)
)
\c@part=\count167
\c@section=\count168
\c@subsection=\count169
\c@subsubsection=\count170
\c@paragraph=\count171
\c@subparagraph=\count172
\c@figure=\count173
\c@table=\count174
\abovecaptionskip=\skip47
\belowcaptionskip=\skip48
\bibindent=\dimen134
)
(/usr/share/texlive/texmf-dist/tex/latex/base/inputenc.sty
Package: inputenc 2018/08/11 v1.3c Input encoding file
\inpenc@prehook=\toks14
\inpenc@posthook=\toks15
)
(/usr/share/texlive/texmf-dist/tex/generic/babel/babel.sty
Package: babel 2020/02/14 3.40 The Babel package

(/usr/share/texlive/texmf-dist/tex/generic/babel/switch.def
File: switch.def 2020/02/14 3.40 Babel switching mechanism
)
(/usr/share/texlive/texmf-dist/tex/generic/babel-italian/italian.ldf
Language: italian 2019/11/16 v.1.4.03 Italian support for the babel system

(/usr/share/texlive/texmf-dist/tex/generic/babel/babel.def
File: babel.def 2020/02/14 3.40 Babel common definitions
\babel@savecnt=\count175
\U@D=\dimen135

(/usr/share/texlive/texmf-dist/tex/generic/babel/txtbabel.def)
\bbl@readstream=\read2
\bbl@dirlevel=\count176
)
\it@lettering=\count177
\it@doublequoteactive=\count178
\it@ISOcompliance=\count179
))
(/usr/share/texlive/texmf-dist/tex/latex/etoolbox/etoolbox.sty
Package: etoolbox 2019/09/21 v2.5h e-TeX tools for LaTeX (JAW)
\etb@tempcnta=\count180
)
(/usr/share/texlive/texmf-dist/tex/latex/base/fontenc.sty
Package: fontenc 2020/02/11 v2.0o Standard LaTeX package
)
(/usr/share/texlive/texmf-dist/tex/latex/graphics/graphicx.sty
Package: graphicx 2019/11/30 v1.2a Enhanced LaTeX Graphics (DPC,SPQR)

(/usr/share/texlive/texmf-dist/tex/latex/graphics/keyval.sty
Package: keyval 2014/10/28 v1.15 key=value parser (DPC)
\KV@toks@=\toks16
)
(/usr/share/texlive/texmf-dist/tex/latex/graphics/graphics.sty
Package: graphics 2019/11/30 v1.4a Standard LaTeX Graphics (DPC,SPQR)

(/usr/share/texlive/texmf-dist/tex/latex/graphics/trig.sty
Package: trig 2016/01/03 v1.10 sin cos tan (DPC)
)
(/usr/share/texlive/texmf-dist/tex/latex/graphics-cfg/graphics.cfg
File: graphics.cfg 2016/06/04 v1.11 sample graphics configuration
)
Package graphics Info: Driver file: pdftex.def on input line 105.

(/usr/share/texlive/texmf-dist/tex/latex/graphics-def/pdftex.def
File: pdftex.def 2018/01/08 v1.0l Graphics/color driver for pdftex
))
\Gin@req@height=\dimen136
\Gin@req@width=\dimen137
)
(/usr/share/texlive/texmf-dist/tex/latex/listings/listings.sty
\lst@mode=\count181
\lst@gtempboxa=\box45
\lst@token=\toks17
\lst@length=\count182
\lst@currlwidth=\dimen138
\lst@column=\count183
\lst@pos=\count184
\lst@lostspace=\dimen139
\lst@width=\dimen140
\lst@newlines=\count185
\lst@lineno=\count186
\lst@maxwidth=\dimen141

(/usr/share/texlive/texmf-dist/tex/latex/listings/lstmisc.sty
File: lstmisc.sty 2019/09/10 1.8c (Carsten Heinz)
\c@lstnumber=\count187
\lst@skipnumbers=\count188
\lst@framebox=\box46
)
(/usr/share/texlive/texmf-dist/tex/latex/listings/listings.cfg
File: listings.cfg 2019/09/10 1.8c listings configuration
))
Package: listings 2019/09/10 1.8c (Carsten Heinz)

(/usr/share/texlive/texmf-dist/tex/latex/svg/svg.sty
Package: svg 2020/01/13 v2.02e (include SVG pictures)

(/usr/share/texlive/texmf-dist/tex/generic/iftex/iftex.sty
Package: iftex 2019/11/07 v1.0c TeX engine tests
)
(/usr/share/texlive/texmf-dist/tex/latex/koma-script/scrbase.sty
Package: scrbase 2020/01/24 v3.29 KOMA-Script package (KOMA-Script-independent 
basics and keyval usage)

(/usr/share/texlive/texmf-dist/tex/latex/koma-script/scrlfile.sty
Package: scrlfile 2020/01/24 v3.29 KOMA-Script package (loading files)
))
(/usr/share/texlive/texmf-dist/tex/latex/pdftexcmds/pdftexcmds.sty
Package: pdftexcmds 2019/11/24 v0.31 Utility functions of pdfTeX for LuaTeX (HO
)

(/usr/share/texlive/texmf-dist/tex/generic/infwarerr/infwarerr.sty
Package: infwarerr 2019/12/03 v1.5 Providing info/warning/error messages (HO)
)
(/usr/share/texlive/texmf-dist/tex/generic/ltxcmds/ltxcmds.sty
Package: ltxcmds 2019/12/15 v1.24 LaTeX kernel commands for general use (HO)
)
Package pdftexcmds Info: \pdf@primitive is available.
Package pdftexcmds Info: \pdf@ifprimitive is available.
Package pdftexcmds Info: \pdfdraftmode found.
)
(/usr/share/texlive/texmf-dist/tex/latex/tools/shellesc.sty
Package: shellesc 2019/11/08 v1.0c unified shell escape interface for LaTeX
Package shellesc Info: Restricted shell escape enabled on input line 77.
)
(/usr/share/texlive/texmf-dist/tex/latex/trimspaces/trimspaces.sty
Package: trimspaces 2009/09/17 v1.1 Trim spaces around a token list
)
\svg@box=\box47
\c@svg@param@lastpage=\count189
\c@svg@param@currpage=\count190
)
(/usr/share/texlive/texmf-dist/tex/latex/xcolor/xcolor.sty
Package: xcolor 2016/05/11 v2.12 LaTeX color extensions (UK)

(/usr/share/texlive/texmf-dist/tex/latex/graphics-cfg/color.cfg
File: color.cfg 2016/01/02 v1.6 sample color configuration
)
Package xcolor Info: Driver file: pdftex.def on input line 225.
Package xcolor Info: Model `cmy' substituted by `cmy0' on input line 1348.
Package xcolor Info: Model `hsb' substituted by `rgb' on input line 1352.
Package xcolor Info: Model `RGB' extended on input line 1364.
Package xcolor Info: Model `HTML' substituted by `rgb' on input line 1366.
Package xcolor Info: Model `Hsb' substituted by `hsb' on input line 1367.
Package xcolor Info: Model `tHsb' substituted by `hsb' on input line 1368.
Package xcolor Info: Model `HSB' substituted by `hsb' on input line 1369.
Package xcolor Info: Model `Gray' substituted by `gray' on input line 1370.
Package xcolor Info: Model `wave' substituted by `hsb' on input line 1371.
)
(/usr/share/texlive/texmf-dist/tex/latex/transparent/transparent.sty
Package: transparent 2019/11/29 v1.4 Transparency via pdfTeX's color stack (HO)


(/usr/share/texlive/texmf-dist/tex/latex/auxhook/auxhook.sty
Package: auxhook 2019-12-17 v1.6 Hooks for auxiliary files (HO)
))
(/usr/share/texlive/texmf-dist/tex/latex/l3backend/l3backend-pdfmode.def
File: l3backend-pdfmode.def 2020-02-03 L3 backend support: PDF mode
\l__kernel_color_stack_int=\count191
\l__pdf_internal_box=\box48
)
(./documentazione.aux)
\openout1 = `documentazione.aux'.

LaTeX Font Info:    Checking defaults for OML/cmm/m/it on input line 13.
LaTeX Font Info:    ... okay on input line 13.
LaTeX Font Info:    Checking defaults for OMS/cmsy/m/n on input line 13.
LaTeX Font Info:    ... okay on input line 13.
LaTeX Font Info:    Checking defaults for OT1/cmr/m/n on input line 13.
LaTeX Font Info:    ... okay on input line 13.
LaTeX Font Info:    Checking defaults for T1/cmr/m/n on input line 13.
LaTeX Font Info:    ... okay on input line 13.
LaTeX Font Info:    Checking defaults for TS1/cmr/m/n on input line 13.
LaTeX Font Info:    ... okay on input line 13.
LaTeX Font Info:    Checking defaults for OMX/cmex/m/n on input line 13.
LaTeX Font Info:    ... okay on input line 13.
LaTeX Font Info:    Checking defaults for U/cmr/m/n on input line 13.
LaTeX Font Info:    ... okay on input line 13.
LaTeX Info: Redefining \it@ocap on input line 13.
LaTeX Info: Redefining \it@ccap on input line 13.

(/usr/share/texlive/texmf-dist/tex/context/base/mkii/supp-pdf.mkii
[Loading MPS to PDF converter (version 2006.09.02).]
\scratchcounter=\count192
\scratchdimen=\dimen142
\scratchbox=\box49
\nofMPsegments=\count193
\nofMParguments=\count194
\everyMPshowfont=\toks18
\MPscratchCnt=\count195
\MPscratchDim=\dimen143
\MPnumerator=\count196
\makeMPintoPDFobject=\count197
\everyMPtoPDFconversion=\toks19
) (/usr/share/texlive/texmf-dist/tex/latex/epstopdf-pkg/epstopdf-base.sty
Package: epstopdf-base 2020-01-24 v2.11 Base part for package epstopdf
Package epstopdf-base Info: Redefining graphics rule for `.eps' on input line 4
85.

(/usr/share/texlive/texmf-dist/tex/latex/latexconfig/epstopdf-sys.cfg
File: epstopdf-sys.cfg 2010/07/13 v1.3 Configuration of (r)epstopdf for TeX Liv
e
))
\c@lstlisting=\count198
LaTeX Font Info:    External font `cmex10' loaded for size
(Font)              <14.4> on input line 14.
LaTeX Font Info:    External font `cmex10' loaded for size
(Font)              <7> on input line 14.

[1

{/var/lib/texmf/fonts/map/pdftex/updmap/pdftex.map}]
<mac.png, id=15, 817.0525pt x 999.735pt>
File: mac.png Graphic file (type png)
<use mac.png>
Package pdftex.def Info: mac.png  used on input line 60.
(pdftex.def)             Requested size: 369.88582pt x 452.59193pt.
 [2] [3 <./mac.png>]
<ripple_carry_adder.png, id=24, 1959.32pt x 811.03pt>
File: ripple_carry_adder.png Graphic file (type png)
<use ripple_carry_adder.png>
Package pdftex.def Info: ripple_carry_adder.png  used on input line 84.
(pdftex.def)             Requested size: 390.0pt x 161.42348pt.
<half_adder.png, id=25, 128.20653pt x 71.59875pt>
File: half_adder.png Graphic file (type png)
<use half_adder.png>
Package pdftex.def Info: half_adder.png  used on input line 91.
(pdftex.def)             Requested size: 128.2062pt x 71.59857pt.
<full_adder.png, id=26, 398.23006pt x 237.29892pt>
File: full_adder.png Graphic file (type png)
<use full_adder.png>
Package pdftex.def Info: full_adder.png  used on input line 97.
(pdftex.def)             Requested size: 227.62204pt x 135.63835pt.

[4] [5 <./ripple_carry_adder.png> <./half_adder.png> <./full_adder.png>]
[6] [7]
LaTeX Font Info:    External font `cmex10' loaded for size
(Font)              <12> on input line 189.
LaTeX Font Info:    External font `cmex10' loaded for size
(Font)              <8> on input line 189.
LaTeX Font Info:    External font `cmex10' loaded for size
(Font)              <6> on input line 189.
 [8] [9]
Package svg Info: Last page of `./svg-inkscape/mac_4_t16_stats_svg-tex.pdf' is 
1 on input line 277.
 (./svg-inkscape/mac_4_t16_stats_svg-tex.pdf_tex
<./svg-inkscape/mac_4_t16_stats_svg-tex.pdf, id=53, page=1, 462.52798pt x 346.8
9601pt>
File: ./svg-inkscape/mac_4_t16_stats_svg-tex.pdf Graphic file (type pdf)
<use ./svg-inkscape/mac_4_t16_stats_svg-tex.pdf, page 1>
Package pdftex.def Info: ./svg-inkscape/mac_4_t16_stats_svg-tex.pdf , page1 use
d on input line 56.
(pdftex.def)             Requested size: 312.00119pt x 234.01236pt.
) [10]
Package svg Info: Last page of `./svg-inkscape/mac_4_t32_stats_svg-tex.pdf' is 
1 on input line 281.

(./svg-inkscape/mac_4_t32_stats_svg-tex.pdf_tex
<./svg-inkscape/mac_4_t32_stats_svg-tex.pdf, id=58, page=1, 462.52798pt x 346.8
9601pt>
File: ./svg-inkscape/mac_4_t32_stats_svg-tex.pdf Graphic file (type pdf)
<use ./svg-inkscape/mac_4_t32_stats_svg-tex.pdf, page 1>
Package pdftex.def Info: ./svg-inkscape/mac_4_t32_stats_svg-tex.pdf , page1 use
d on input line 56.
(pdftex.def)             Requested size: 312.00119pt x 234.01236pt.
)
Package svg Info: Last page of `./svg-inkscape/mac_4_t64_stats_svg-tex.pdf' is 
1 on input line 285.

(./svg-inkscape/mac_4_t64_stats_svg-tex.pdf_tex
<./svg-inkscape/mac_4_t64_stats_svg-tex.pdf, id=60, page=1, 462.52798pt x 346.8
9601pt>
File: ./svg-inkscape/mac_4_t64_stats_svg-tex.pdf Graphic file (type pdf)
<use ./svg-inkscape/mac_4_t64_stats_svg-tex.pdf, page 1>
Package pdftex.def Info: ./svg-inkscape/mac_4_t64_stats_svg-tex.pdf , page1 use
d on input line 56.
(pdftex.def)             Requested size: 312.00119pt x 234.01236pt.
) [11 <./svg-inkscape/mac_4_t16_stats_svg-tex.pdf> <./svg-inkscape/mac_4_t32_st
ats_svg-tex.pdf

pdfTeX warning: pdflatex (file ./svg-inkscape/mac_4_t32_stats_svg-tex.pdf): PDF
 inclusion: multiple pdfs with page group included in a single page
>]
Package svg Info: Last page of `./svg-inkscape/mac_8_t64_stats_svg-tex.pdf' is 
1 on input line 315.
 (./svg-inkscape/mac_8_t64_stats_svg-tex.pdf_tex
<./svg-inkscape/mac_8_t64_stats_svg-tex.pdf, id=388, page=1, 462.52798pt x 346.
89601pt>
File: ./svg-inkscape/mac_8_t64_stats_svg-tex.pdf Graphic file (type pdf)
<use ./svg-inkscape/mac_8_t64_stats_svg-tex.pdf, page 1>
Package pdftex.def Info: ./svg-inkscape/mac_8_t64_stats_svg-tex.pdf , page1 use
d on input line 56.
(pdftex.def)             Requested size: 312.00119pt x 234.01236pt.
) [12 <./svg-inkscape/mac_4_t64_stats_svg-tex.pdf>]
Package svg Info: Last page of `./svg-inkscape/mac_16_t64_stats_svg-tex.pdf' is
 1 on input line 322.
 (./svg-inkscape/mac_16_t64_stats_svg-tex.pdf_tex
<./svg-inkscape/mac_16_t64_stats_svg-tex.pdf, id=673, page=1, 462.52798pt x 346
.89601pt>
File: ./svg-inkscape/mac_16_t64_stats_svg-tex.pdf Graphic file (type pdf)
<use ./svg-inkscape/mac_16_t64_stats_svg-tex.pdf, page 1>
Package pdftex.def Info: ./svg-inkscape/mac_16_t64_stats_svg-tex.pdf , page1 us
ed on input line 56.
(pdftex.def)             Requested size: 312.00119pt x 234.01236pt.
)
[13 <./svg-inkscape/mac_8_t64_stats_svg-tex.pdf>]
Package svg Info: Last page of `./svg-inkscape/mac_16_t128_stats_svg-tex.pdf' i
s 1 on input line 326.

(./svg-inkscape/mac_16_t128_stats_svg-tex.pdf_tex
<./svg-inkscape/mac_16_t128_stats_svg-tex.pdf, id=959, page=1, 462.52798pt x 34
6.89601pt>
File: ./svg-inkscape/mac_16_t128_stats_svg-tex.pdf Graphic file (type pdf)
<use ./svg-inkscape/mac_16_t128_stats_svg-tex.pdf, page 1>
Package pdftex.def Info: ./svg-inkscape/mac_16_t128_stats_svg-tex.pdf , page1 u
sed on input line 56.
(pdftex.def)             Requested size: 312.00119pt x 234.01236pt.
) [14 <./svg-inkscape/mac_16_t64_stats_svg-tex.pdf> <./svg-inkscape/mac_16_t128
_stats_svg-tex.pdf

pdfTeX warning: pdflatex (file ./svg-inkscape/mac_16_t128_stats_svg-tex.pdf): P
DF inclusion: multiple pdfs with page group included in a single page
>] [15] (./documentazione.aux) ) 
Here is how much of TeX's memory you used:
 5569 strings out of 481239
 80927 string characters out of 5920377
 356974 words of memory out of 5000000
 20747 multiletter control sequences out of 15000+600000
 544649 words of font info for 48 fonts, out of 8000000 for 9000
 1141 hyphenation exceptions out of 8191
 33i,7n,57p,803b,1047s stack positions out of 5000i,500n,10000p,200000b,80000s
{/usr/share/texmf/fonts/enc/dvips/cm-super/cm-s
uper-t1.enc}{/usr/share/texmf/fonts/enc/dvips/cm-super/cm-super-ts1.enc}</usr/s
hare/texlive/texmf-dist/fonts/type1/public/amsfonts/cm/cmsy10.pfb></usr/share/t
exmf/fonts/type1/public/cm-super/sfbx1095.pfb></usr/share/texmf/fonts/type1/pub
lic/cm-super/sfbx1200.pfb></usr/share/texmf/fonts/type1/public/cm-super/sfbx144
0.pfb></usr/share/texmf/fonts/type1/public/cm-super/sfbx1728.pfb></usr/share/te
xmf/fonts/type1/public/cm-super/sfrm1095.pfb></usr/share/texmf/fonts/type1/publ
ic/cm-super/sfrm1200.pfb></usr/share/texmf/fonts/type1/public/cm-super/sfrm1440
.pfb></usr/share/texmf/fonts/type1/public/cm-super/sfrm2074.pfb></usr/share/tex
mf/fonts/type1/public/cm-super/sfti1095.pfb></usr/share/texmf/fonts/type1/publi
c/cm-super/sfti1200.pfb>
Output written on documentazione.pdf (15 pages, 712446 bytes).
PDF statistics:
 1757 PDF objects out of 2073 (max. 8388607)
 1159 compressed objects within 12 object streams
 0 named destinations out of 1000 (max. 500000)
 81 words of extra memory for PDF output out of 10000 (max. 10000000)

